[2024-01-13T16:10:58.454+0000] {taskinstance.py:1957} INFO - Dependencies all met for dep_context=non-requeueable deps ti=<TaskInstance: pyspark-emr-airflow_dag.tsk_is_transformation_completed manual__2024-01-13T16:04:18.386835+00:00 [queued]>
[2024-01-13T16:10:58.461+0000] {taskinstance.py:1957} INFO - Dependencies all met for dep_context=requeueable deps ti=<TaskInstance: pyspark-emr-airflow_dag.tsk_is_transformation_completed manual__2024-01-13T16:04:18.386835+00:00 [queued]>
[2024-01-13T16:10:58.461+0000] {taskinstance.py:2171} INFO - Starting attempt 1 of 3
[2024-01-13T16:10:58.478+0000] {taskinstance.py:2192} INFO - Executing <Task(EmrStepSensor): tsk_is_transformation_completed> on 2024-01-13 16:04:18.386835+00:00
[2024-01-13T16:10:58.482+0000] {standard_task_runner.py:60} INFO - Started process 5709 to run task
[2024-01-13T16:10:58.486+0000] {standard_task_runner.py:87} INFO - Running: ['airflow', 'tasks', 'run', 'pyspark-emr-airflow_dag', 'tsk_is_transformation_completed', 'manual__2024-01-13T16:04:18.386835+00:00', '--job-id', '17', '--raw', '--subdir', 'DAGS_FOLDER/redfin_analytics.py', '--cfg-path', '/tmp/tmpfmki_qs_']
[2024-01-13T16:10:58.487+0000] {standard_task_runner.py:88} INFO - Job 17: Subtask tsk_is_transformation_completed
[2024-01-13T16:10:58.527+0000] {task_command.py:423} INFO - Running <TaskInstance: pyspark-emr-airflow_dag.tsk_is_transformation_completed manual__2024-01-13T16:04:18.386835+00:00 [running]> on host ip-172-31-11-151.ap-south-1.compute.internal
[2024-01-13T16:10:58.600+0000] {taskinstance.py:2481} INFO - Exporting env vars: AIRFLOW_CTX_DAG_EMAIL='myemail@domain.com' AIRFLOW_CTX_DAG_OWNER='airflow' AIRFLOW_CTX_DAG_ID='pyspark-emr-airflow_dag' AIRFLOW_CTX_TASK_ID='tsk_is_transformation_completed' AIRFLOW_CTX_EXECUTION_DATE='2024-01-13T16:04:18.386835+00:00' AIRFLOW_CTX_TRY_NUMBER='1' AIRFLOW_CTX_DAG_RUN_ID='manual__2024-01-13T16:04:18.386835+00:00'
[2024-01-13T16:10:58.606+0000] {base.py:83} INFO - Using connection ID 'aws_default' for task execution.
[2024-01-13T16:10:58.763+0000] {credentials.py:1278} INFO - Found credentials in shared credentials file: ~/.aws/credentials
[2024-01-13T16:10:58.820+0000] {emr.py:597} INFO - Poking step s-0107768133HRIL8KZ3X1 on cluster j-3B3P32PWZ0U6K
[2024-01-13T16:10:58.998+0000] {emr.py:79} INFO - Job flow currently PENDING
[2024-01-13T16:11:09.008+0000] {emr.py:597} INFO - Poking step s-0107768133HRIL8KZ3X1 on cluster j-3B3P32PWZ0U6K
[2024-01-13T16:11:09.183+0000] {emr.py:79} INFO - Job flow currently PENDING
[2024-01-13T16:11:19.183+0000] {emr.py:597} INFO - Poking step s-0107768133HRIL8KZ3X1 on cluster j-3B3P32PWZ0U6K
[2024-01-13T16:11:19.356+0000] {emr.py:79} INFO - Job flow currently PENDING
[2024-01-13T16:11:29.367+0000] {emr.py:597} INFO - Poking step s-0107768133HRIL8KZ3X1 on cluster j-3B3P32PWZ0U6K
[2024-01-13T16:11:29.546+0000] {emr.py:79} INFO - Job flow currently PENDING
[2024-01-13T16:11:39.557+0000] {emr.py:597} INFO - Poking step s-0107768133HRIL8KZ3X1 on cluster j-3B3P32PWZ0U6K
[2024-01-13T16:11:39.732+0000] {emr.py:79} INFO - Job flow currently PENDING
[2024-01-13T16:11:49.743+0000] {emr.py:597} INFO - Poking step s-0107768133HRIL8KZ3X1 on cluster j-3B3P32PWZ0U6K
[2024-01-13T16:11:49.903+0000] {emr.py:79} INFO - Job flow currently RUNNING
[2024-01-13T16:11:59.911+0000] {emr.py:597} INFO - Poking step s-0107768133HRIL8KZ3X1 on cluster j-3B3P32PWZ0U6K
[2024-01-13T16:12:00.077+0000] {emr.py:79} INFO - Job flow currently RUNNING
[2024-01-13T16:12:10.088+0000] {emr.py:597} INFO - Poking step s-0107768133HRIL8KZ3X1 on cluster j-3B3P32PWZ0U6K
[2024-01-13T16:12:10.249+0000] {emr.py:79} INFO - Job flow currently RUNNING
[2024-01-13T16:12:20.259+0000] {emr.py:597} INFO - Poking step s-0107768133HRIL8KZ3X1 on cluster j-3B3P32PWZ0U6K
[2024-01-13T16:12:20.426+0000] {emr.py:79} INFO - Job flow currently RUNNING
[2024-01-13T16:12:30.431+0000] {emr.py:597} INFO - Poking step s-0107768133HRIL8KZ3X1 on cluster j-3B3P32PWZ0U6K
[2024-01-13T16:12:30.594+0000] {emr.py:79} INFO - Job flow currently RUNNING
[2024-01-13T16:12:40.597+0000] {emr.py:597} INFO - Poking step s-0107768133HRIL8KZ3X1 on cluster j-3B3P32PWZ0U6K
[2024-01-13T16:12:40.765+0000] {emr.py:79} INFO - Job flow currently RUNNING
[2024-01-13T16:12:50.775+0000] {emr.py:597} INFO - Poking step s-0107768133HRIL8KZ3X1 on cluster j-3B3P32PWZ0U6K
[2024-01-13T16:12:50.948+0000] {emr.py:79} INFO - Job flow currently RUNNING
[2024-01-13T16:13:00.959+0000] {emr.py:597} INFO - Poking step s-0107768133HRIL8KZ3X1 on cluster j-3B3P32PWZ0U6K
[2024-01-13T16:13:01.125+0000] {emr.py:79} INFO - Job flow currently RUNNING
[2024-01-13T16:13:11.133+0000] {emr.py:597} INFO - Poking step s-0107768133HRIL8KZ3X1 on cluster j-3B3P32PWZ0U6K
[2024-01-13T16:13:11.302+0000] {emr.py:79} INFO - Job flow currently RUNNING
[2024-01-13T16:13:21.304+0000] {emr.py:597} INFO - Poking step s-0107768133HRIL8KZ3X1 on cluster j-3B3P32PWZ0U6K
[2024-01-13T16:13:21.475+0000] {emr.py:79} INFO - Job flow currently RUNNING
[2024-01-13T16:13:31.486+0000] {emr.py:597} INFO - Poking step s-0107768133HRIL8KZ3X1 on cluster j-3B3P32PWZ0U6K
[2024-01-13T16:13:31.663+0000] {emr.py:79} INFO - Job flow currently RUNNING
[2024-01-13T16:13:41.664+0000] {emr.py:597} INFO - Poking step s-0107768133HRIL8KZ3X1 on cluster j-3B3P32PWZ0U6K
[2024-01-13T16:13:41.836+0000] {emr.py:79} INFO - Job flow currently RUNNING
[2024-01-13T16:13:51.847+0000] {emr.py:597} INFO - Poking step s-0107768133HRIL8KZ3X1 on cluster j-3B3P32PWZ0U6K
[2024-01-13T16:13:52.015+0000] {emr.py:79} INFO - Job flow currently RUNNING
[2024-01-13T16:14:02.026+0000] {emr.py:597} INFO - Poking step s-0107768133HRIL8KZ3X1 on cluster j-3B3P32PWZ0U6K
[2024-01-13T16:14:02.206+0000] {emr.py:79} INFO - Job flow currently RUNNING
[2024-01-13T16:14:12.214+0000] {emr.py:597} INFO - Poking step s-0107768133HRIL8KZ3X1 on cluster j-3B3P32PWZ0U6K
[2024-01-13T16:14:12.387+0000] {emr.py:79} INFO - Job flow currently RUNNING
[2024-01-13T16:14:22.397+0000] {emr.py:597} INFO - Poking step s-0107768133HRIL8KZ3X1 on cluster j-3B3P32PWZ0U6K
[2024-01-13T16:14:22.566+0000] {emr.py:79} INFO - Job flow currently RUNNING
[2024-01-13T16:14:32.576+0000] {emr.py:597} INFO - Poking step s-0107768133HRIL8KZ3X1 on cluster j-3B3P32PWZ0U6K
[2024-01-13T16:14:32.743+0000] {emr.py:79} INFO - Job flow currently RUNNING
[2024-01-13T16:14:42.753+0000] {emr.py:597} INFO - Poking step s-0107768133HRIL8KZ3X1 on cluster j-3B3P32PWZ0U6K
[2024-01-13T16:14:42.931+0000] {emr.py:79} INFO - Job flow currently RUNNING
[2024-01-13T16:14:52.941+0000] {emr.py:597} INFO - Poking step s-0107768133HRIL8KZ3X1 on cluster j-3B3P32PWZ0U6K
[2024-01-13T16:14:53.126+0000] {emr.py:79} INFO - Job flow currently COMPLETED
[2024-01-13T16:14:53.126+0000] {base.py:293} INFO - Success criteria met. Exiting.
[2024-01-13T16:14:53.131+0000] {taskinstance.py:1138} INFO - Marking task as SUCCESS. dag_id=pyspark-emr-airflow_dag, task_id=tsk_is_transformation_completed, execution_date=20240113T160418, start_date=20240113T161058, end_date=20240113T161453
[2024-01-13T16:14:53.174+0000] {local_task_job_runner.py:234} INFO - Task exited with return code 0
[2024-01-13T16:14:53.201+0000] {taskinstance.py:3281} INFO - 1 downstream tasks scheduled from follow-on schedule check
