[2024-01-13T16:15:00.660+0000] {taskinstance.py:1957} INFO - Dependencies all met for dep_context=non-requeueable deps ti=<TaskInstance: pyspark-emr-airflow_dag.tsk_is_emr_cluster_terminated manual__2024-01-13T16:04:18.386835+00:00 [queued]>
[2024-01-13T16:15:00.667+0000] {taskinstance.py:1957} INFO - Dependencies all met for dep_context=requeueable deps ti=<TaskInstance: pyspark-emr-airflow_dag.tsk_is_emr_cluster_terminated manual__2024-01-13T16:04:18.386835+00:00 [queued]>
[2024-01-13T16:15:00.667+0000] {taskinstance.py:2171} INFO - Starting attempt 1 of 3
[2024-01-13T16:15:00.684+0000] {taskinstance.py:2192} INFO - Executing <Task(EmrJobFlowSensor): tsk_is_emr_cluster_terminated> on 2024-01-13 16:04:18.386835+00:00
[2024-01-13T16:15:00.689+0000] {standard_task_runner.py:60} INFO - Started process 5717 to run task
[2024-01-13T16:15:00.693+0000] {standard_task_runner.py:87} INFO - Running: ['airflow', 'tasks', 'run', 'pyspark-emr-airflow_dag', 'tsk_is_emr_cluster_terminated', 'manual__2024-01-13T16:04:18.386835+00:00', '--job-id', '19', '--raw', '--subdir', 'DAGS_FOLDER/redfin_analytics.py', '--cfg-path', '/tmp/tmpukyyhpk7']
[2024-01-13T16:15:00.694+0000] {standard_task_runner.py:88} INFO - Job 19: Subtask tsk_is_emr_cluster_terminated
[2024-01-13T16:15:00.735+0000] {task_command.py:423} INFO - Running <TaskInstance: pyspark-emr-airflow_dag.tsk_is_emr_cluster_terminated manual__2024-01-13T16:04:18.386835+00:00 [running]> on host ip-172-31-11-151.ap-south-1.compute.internal
[2024-01-13T16:15:00.801+0000] {taskinstance.py:2481} INFO - Exporting env vars: AIRFLOW_CTX_DAG_EMAIL='myemail@domain.com' AIRFLOW_CTX_DAG_OWNER='airflow' AIRFLOW_CTX_DAG_ID='pyspark-emr-airflow_dag' AIRFLOW_CTX_TASK_ID='tsk_is_emr_cluster_terminated' AIRFLOW_CTX_EXECUTION_DATE='2024-01-13T16:04:18.386835+00:00' AIRFLOW_CTX_TRY_NUMBER='1' AIRFLOW_CTX_DAG_RUN_ID='manual__2024-01-13T16:04:18.386835+00:00'
[2024-01-13T16:15:00.807+0000] {base.py:83} INFO - Using connection ID 'aws_default' for task execution.
[2024-01-13T16:15:00.962+0000] {credentials.py:1278} INFO - Found credentials in shared credentials file: ~/.aws/credentials
[2024-01-13T16:15:01.019+0000] {emr.py:467} INFO - Poking cluster j-3B3P32PWZ0U6K
[2024-01-13T16:15:01.179+0000] {emr.py:79} INFO - Job flow currently TERMINATING
[2024-01-13T16:15:06.184+0000] {emr.py:467} INFO - Poking cluster j-3B3P32PWZ0U6K
[2024-01-13T16:15:06.245+0000] {emr.py:79} INFO - Job flow currently TERMINATING
[2024-01-13T16:15:11.250+0000] {emr.py:467} INFO - Poking cluster j-3B3P32PWZ0U6K
[2024-01-13T16:15:11.302+0000] {emr.py:79} INFO - Job flow currently TERMINATING
[2024-01-13T16:15:16.308+0000] {emr.py:467} INFO - Poking cluster j-3B3P32PWZ0U6K
[2024-01-13T16:15:16.360+0000] {emr.py:79} INFO - Job flow currently TERMINATING
[2024-01-13T16:15:21.363+0000] {emr.py:467} INFO - Poking cluster j-3B3P32PWZ0U6K
[2024-01-13T16:15:21.417+0000] {emr.py:79} INFO - Job flow currently TERMINATING
[2024-01-13T16:15:26.422+0000] {emr.py:467} INFO - Poking cluster j-3B3P32PWZ0U6K
[2024-01-13T16:15:26.477+0000] {emr.py:79} INFO - Job flow currently TERMINATING
[2024-01-13T16:15:31.482+0000] {emr.py:467} INFO - Poking cluster j-3B3P32PWZ0U6K
[2024-01-13T16:15:31.543+0000] {emr.py:79} INFO - Job flow currently TERMINATING
[2024-01-13T16:15:36.548+0000] {emr.py:467} INFO - Poking cluster j-3B3P32PWZ0U6K
[2024-01-13T16:15:36.604+0000] {emr.py:79} INFO - Job flow currently TERMINATING
[2024-01-13T16:15:41.609+0000] {emr.py:467} INFO - Poking cluster j-3B3P32PWZ0U6K
[2024-01-13T16:15:41.664+0000] {emr.py:79} INFO - Job flow currently TERMINATED
[2024-01-13T16:15:41.665+0000] {base.py:293} INFO - Success criteria met. Exiting.
[2024-01-13T16:15:41.669+0000] {taskinstance.py:1138} INFO - Marking task as SUCCESS. dag_id=pyspark-emr-airflow_dag, task_id=tsk_is_emr_cluster_terminated, execution_date=20240113T160418, start_date=20240113T161500, end_date=20240113T161541
[2024-01-13T16:15:41.719+0000] {local_task_job_runner.py:234} INFO - Task exited with return code 0
[2024-01-13T16:15:41.737+0000] {taskinstance.py:3281} INFO - 0 downstream tasks scheduled from follow-on schedule check
