[2024-01-13T16:04:26.444+0000] {taskinstance.py:1957} INFO - Dependencies all met for dep_context=non-requeueable deps ti=<TaskInstance: pyspark-emr-airflow_dag.tsk_is_emr_cluster_created manual__2024-01-13T16:04:18.386835+00:00 [queued]>
[2024-01-13T16:04:26.451+0000] {taskinstance.py:1957} INFO - Dependencies all met for dep_context=requeueable deps ti=<TaskInstance: pyspark-emr-airflow_dag.tsk_is_emr_cluster_created manual__2024-01-13T16:04:18.386835+00:00 [queued]>
[2024-01-13T16:04:26.451+0000] {taskinstance.py:2171} INFO - Starting attempt 1 of 3
[2024-01-13T16:04:26.466+0000] {taskinstance.py:2192} INFO - Executing <Task(EmrJobFlowSensor): tsk_is_emr_cluster_created> on 2024-01-13 16:04:18.386835+00:00
[2024-01-13T16:04:26.470+0000] {standard_task_runner.py:60} INFO - Started process 5685 to run task
[2024-01-13T16:04:26.474+0000] {standard_task_runner.py:87} INFO - Running: ['airflow', 'tasks', 'run', 'pyspark-emr-airflow_dag', 'tsk_is_emr_cluster_created', 'manual__2024-01-13T16:04:18.386835+00:00', '--job-id', '13', '--raw', '--subdir', 'DAGS_FOLDER/redfin_analytics.py', '--cfg-path', '/tmp/tmpkzw73gpr']
[2024-01-13T16:04:26.475+0000] {standard_task_runner.py:88} INFO - Job 13: Subtask tsk_is_emr_cluster_created
[2024-01-13T16:04:26.514+0000] {task_command.py:423} INFO - Running <TaskInstance: pyspark-emr-airflow_dag.tsk_is_emr_cluster_created manual__2024-01-13T16:04:18.386835+00:00 [running]> on host ip-172-31-11-151.ap-south-1.compute.internal
[2024-01-13T16:04:26.583+0000] {taskinstance.py:2481} INFO - Exporting env vars: AIRFLOW_CTX_DAG_EMAIL='myemail@domain.com' AIRFLOW_CTX_DAG_OWNER='airflow' AIRFLOW_CTX_DAG_ID='pyspark-emr-airflow_dag' AIRFLOW_CTX_TASK_ID='tsk_is_emr_cluster_created' AIRFLOW_CTX_EXECUTION_DATE='2024-01-13T16:04:18.386835+00:00' AIRFLOW_CTX_TRY_NUMBER='1' AIRFLOW_CTX_DAG_RUN_ID='manual__2024-01-13T16:04:18.386835+00:00'
[2024-01-13T16:04:26.589+0000] {base.py:83} INFO - Using connection ID 'aws_default' for task execution.
[2024-01-13T16:04:26.746+0000] {credentials.py:1278} INFO - Found credentials in shared credentials file: ~/.aws/credentials
[2024-01-13T16:04:26.803+0000] {emr.py:467} INFO - Poking cluster j-3B3P32PWZ0U6K
[2024-01-13T16:04:26.955+0000] {emr.py:79} INFO - Job flow currently STARTING
[2024-01-13T16:04:36.963+0000] {emr.py:467} INFO - Poking cluster j-3B3P32PWZ0U6K
[2024-01-13T16:04:37.120+0000] {emr.py:79} INFO - Job flow currently STARTING
[2024-01-13T16:04:47.127+0000] {emr.py:467} INFO - Poking cluster j-3B3P32PWZ0U6K
[2024-01-13T16:04:47.288+0000] {emr.py:79} INFO - Job flow currently STARTING
[2024-01-13T16:04:57.296+0000] {emr.py:467} INFO - Poking cluster j-3B3P32PWZ0U6K
[2024-01-13T16:04:57.452+0000] {emr.py:79} INFO - Job flow currently STARTING
[2024-01-13T16:05:07.463+0000] {emr.py:467} INFO - Poking cluster j-3B3P32PWZ0U6K
[2024-01-13T16:05:07.617+0000] {emr.py:79} INFO - Job flow currently STARTING
[2024-01-13T16:05:17.627+0000] {emr.py:467} INFO - Poking cluster j-3B3P32PWZ0U6K
[2024-01-13T16:05:17.771+0000] {emr.py:79} INFO - Job flow currently STARTING
[2024-01-13T16:05:27.782+0000] {emr.py:467} INFO - Poking cluster j-3B3P32PWZ0U6K
[2024-01-13T16:05:27.931+0000] {emr.py:79} INFO - Job flow currently STARTING
[2024-01-13T16:05:37.942+0000] {emr.py:467} INFO - Poking cluster j-3B3P32PWZ0U6K
[2024-01-13T16:05:38.088+0000] {emr.py:79} INFO - Job flow currently STARTING
[2024-01-13T16:05:48.097+0000] {emr.py:467} INFO - Poking cluster j-3B3P32PWZ0U6K
[2024-01-13T16:05:48.248+0000] {emr.py:79} INFO - Job flow currently STARTING
[2024-01-13T16:05:58.259+0000] {emr.py:467} INFO - Poking cluster j-3B3P32PWZ0U6K
[2024-01-13T16:05:58.424+0000] {emr.py:79} INFO - Job flow currently STARTING
[2024-01-13T16:06:08.435+0000] {emr.py:467} INFO - Poking cluster j-3B3P32PWZ0U6K
[2024-01-13T16:06:08.586+0000] {emr.py:79} INFO - Job flow currently STARTING
[2024-01-13T16:06:18.597+0000] {emr.py:467} INFO - Poking cluster j-3B3P32PWZ0U6K
[2024-01-13T16:06:18.751+0000] {emr.py:79} INFO - Job flow currently STARTING
[2024-01-13T16:06:28.762+0000] {emr.py:467} INFO - Poking cluster j-3B3P32PWZ0U6K
[2024-01-13T16:06:28.911+0000] {emr.py:79} INFO - Job flow currently STARTING
[2024-01-13T16:06:38.916+0000] {emr.py:467} INFO - Poking cluster j-3B3P32PWZ0U6K
[2024-01-13T16:06:39.071+0000] {emr.py:79} INFO - Job flow currently STARTING
[2024-01-13T16:06:49.081+0000] {emr.py:467} INFO - Poking cluster j-3B3P32PWZ0U6K
[2024-01-13T16:06:49.238+0000] {emr.py:79} INFO - Job flow currently STARTING
[2024-01-13T16:06:59.248+0000] {emr.py:467} INFO - Poking cluster j-3B3P32PWZ0U6K
[2024-01-13T16:06:59.402+0000] {emr.py:79} INFO - Job flow currently STARTING
[2024-01-13T16:07:09.403+0000] {emr.py:467} INFO - Poking cluster j-3B3P32PWZ0U6K
[2024-01-13T16:07:09.554+0000] {emr.py:79} INFO - Job flow currently STARTING
[2024-01-13T16:07:19.559+0000] {emr.py:467} INFO - Poking cluster j-3B3P32PWZ0U6K
[2024-01-13T16:07:19.710+0000] {emr.py:79} INFO - Job flow currently STARTING
[2024-01-13T16:07:29.720+0000] {emr.py:467} INFO - Poking cluster j-3B3P32PWZ0U6K
[2024-01-13T16:07:29.865+0000] {emr.py:79} INFO - Job flow currently STARTING
[2024-01-13T16:07:39.867+0000] {emr.py:467} INFO - Poking cluster j-3B3P32PWZ0U6K
[2024-01-13T16:07:40.021+0000] {emr.py:79} INFO - Job flow currently STARTING
[2024-01-13T16:07:50.031+0000] {emr.py:467} INFO - Poking cluster j-3B3P32PWZ0U6K
[2024-01-13T16:07:50.186+0000] {emr.py:79} INFO - Job flow currently STARTING
[2024-01-13T16:08:00.195+0000] {emr.py:467} INFO - Poking cluster j-3B3P32PWZ0U6K
[2024-01-13T16:08:00.346+0000] {emr.py:79} INFO - Job flow currently STARTING
[2024-01-13T16:08:10.357+0000] {emr.py:467} INFO - Poking cluster j-3B3P32PWZ0U6K
[2024-01-13T16:08:10.508+0000] {emr.py:79} INFO - Job flow currently STARTING
[2024-01-13T16:08:20.515+0000] {emr.py:467} INFO - Poking cluster j-3B3P32PWZ0U6K
[2024-01-13T16:08:20.672+0000] {emr.py:79} INFO - Job flow currently STARTING
[2024-01-13T16:08:30.682+0000] {emr.py:467} INFO - Poking cluster j-3B3P32PWZ0U6K
[2024-01-13T16:08:30.835+0000] {emr.py:79} INFO - Job flow currently STARTING
[2024-01-13T16:08:40.839+0000] {emr.py:467} INFO - Poking cluster j-3B3P32PWZ0U6K
[2024-01-13T16:08:40.998+0000] {emr.py:79} INFO - Job flow currently STARTING
[2024-01-13T16:08:51.009+0000] {emr.py:467} INFO - Poking cluster j-3B3P32PWZ0U6K
[2024-01-13T16:08:51.159+0000] {emr.py:79} INFO - Job flow currently WAITING
[2024-01-13T16:08:51.159+0000] {base.py:293} INFO - Success criteria met. Exiting.
[2024-01-13T16:08:51.163+0000] {taskinstance.py:1138} INFO - Marking task as SUCCESS. dag_id=pyspark-emr-airflow_dag, task_id=tsk_is_emr_cluster_created, execution_date=20240113T160418, start_date=20240113T160426, end_date=20240113T160851
[2024-01-13T16:08:51.220+0000] {local_task_job_runner.py:234} INFO - Task exited with return code 0
[2024-01-13T16:08:51.247+0000] {taskinstance.py:3281} INFO - 1 downstream tasks scheduled from follow-on schedule check
