[2024-01-13T16:08:58.577+0000] {taskinstance.py:1957} INFO - Dependencies all met for dep_context=non-requeueable deps ti=<TaskInstance: pyspark-emr-airflow_dag.tsk_is_extraction_completed manual__2024-01-13T16:04:18.386835+00:00 [queued]>
[2024-01-13T16:08:58.584+0000] {taskinstance.py:1957} INFO - Dependencies all met for dep_context=requeueable deps ti=<TaskInstance: pyspark-emr-airflow_dag.tsk_is_extraction_completed manual__2024-01-13T16:04:18.386835+00:00 [queued]>
[2024-01-13T16:08:58.584+0000] {taskinstance.py:2171} INFO - Starting attempt 1 of 3
[2024-01-13T16:08:58.599+0000] {taskinstance.py:2192} INFO - Executing <Task(EmrStepSensor): tsk_is_extraction_completed> on 2024-01-13 16:04:18.386835+00:00
[2024-01-13T16:08:58.604+0000] {standard_task_runner.py:60} INFO - Started process 5701 to run task
[2024-01-13T16:08:58.609+0000] {standard_task_runner.py:87} INFO - Running: ['airflow', 'tasks', 'run', 'pyspark-emr-airflow_dag', 'tsk_is_extraction_completed', 'manual__2024-01-13T16:04:18.386835+00:00', '--job-id', '15', '--raw', '--subdir', 'DAGS_FOLDER/redfin_analytics.py', '--cfg-path', '/tmp/tmpmeqiapt1']
[2024-01-13T16:08:58.609+0000] {standard_task_runner.py:88} INFO - Job 15: Subtask tsk_is_extraction_completed
[2024-01-13T16:08:58.649+0000] {task_command.py:423} INFO - Running <TaskInstance: pyspark-emr-airflow_dag.tsk_is_extraction_completed manual__2024-01-13T16:04:18.386835+00:00 [running]> on host ip-172-31-11-151.ap-south-1.compute.internal
[2024-01-13T16:08:58.720+0000] {taskinstance.py:2481} INFO - Exporting env vars: AIRFLOW_CTX_DAG_EMAIL='myemail@domain.com' AIRFLOW_CTX_DAG_OWNER='airflow' AIRFLOW_CTX_DAG_ID='pyspark-emr-airflow_dag' AIRFLOW_CTX_TASK_ID='tsk_is_extraction_completed' AIRFLOW_CTX_EXECUTION_DATE='2024-01-13T16:04:18.386835+00:00' AIRFLOW_CTX_TRY_NUMBER='1' AIRFLOW_CTX_DAG_RUN_ID='manual__2024-01-13T16:04:18.386835+00:00'
[2024-01-13T16:08:58.726+0000] {base.py:83} INFO - Using connection ID 'aws_default' for task execution.
[2024-01-13T16:08:58.882+0000] {credentials.py:1278} INFO - Found credentials in shared credentials file: ~/.aws/credentials
[2024-01-13T16:08:58.939+0000] {emr.py:597} INFO - Poking step s-00021273N1SOZBN5X8I6 on cluster j-3B3P32PWZ0U6K
[2024-01-13T16:08:59.102+0000] {emr.py:79} INFO - Job flow currently PENDING
[2024-01-13T16:09:09.111+0000] {emr.py:597} INFO - Poking step s-00021273N1SOZBN5X8I6 on cluster j-3B3P32PWZ0U6K
[2024-01-13T16:09:09.274+0000] {emr.py:79} INFO - Job flow currently PENDING
[2024-01-13T16:09:19.285+0000] {emr.py:597} INFO - Poking step s-00021273N1SOZBN5X8I6 on cluster j-3B3P32PWZ0U6K
[2024-01-13T16:09:19.448+0000] {emr.py:79} INFO - Job flow currently PENDING
[2024-01-13T16:09:29.457+0000] {emr.py:597} INFO - Poking step s-00021273N1SOZBN5X8I6 on cluster j-3B3P32PWZ0U6K
[2024-01-13T16:09:29.621+0000] {emr.py:79} INFO - Job flow currently PENDING
[2024-01-13T16:09:39.631+0000] {emr.py:597} INFO - Poking step s-00021273N1SOZBN5X8I6 on cluster j-3B3P32PWZ0U6K
[2024-01-13T16:09:39.905+0000] {emr.py:79} INFO - Job flow currently PENDING
[2024-01-13T16:09:49.915+0000] {emr.py:597} INFO - Poking step s-00021273N1SOZBN5X8I6 on cluster j-3B3P32PWZ0U6K
[2024-01-13T16:09:50.082+0000] {emr.py:79} INFO - Job flow currently RUNNING
[2024-01-13T16:10:00.093+0000] {emr.py:597} INFO - Poking step s-00021273N1SOZBN5X8I6 on cluster j-3B3P32PWZ0U6K
[2024-01-13T16:10:00.259+0000] {emr.py:79} INFO - Job flow currently RUNNING
[2024-01-13T16:10:10.260+0000] {emr.py:597} INFO - Poking step s-00021273N1SOZBN5X8I6 on cluster j-3B3P32PWZ0U6K
[2024-01-13T16:10:10.428+0000] {emr.py:79} INFO - Job flow currently RUNNING
[2024-01-13T16:10:20.438+0000] {emr.py:597} INFO - Poking step s-00021273N1SOZBN5X8I6 on cluster j-3B3P32PWZ0U6K
[2024-01-13T16:10:20.608+0000] {emr.py:79} INFO - Job flow currently RUNNING
[2024-01-13T16:10:30.617+0000] {emr.py:597} INFO - Poking step s-00021273N1SOZBN5X8I6 on cluster j-3B3P32PWZ0U6K
[2024-01-13T16:10:30.790+0000] {emr.py:79} INFO - Job flow currently RUNNING
[2024-01-13T16:10:40.801+0000] {emr.py:597} INFO - Poking step s-00021273N1SOZBN5X8I6 on cluster j-3B3P32PWZ0U6K
[2024-01-13T16:10:40.971+0000] {emr.py:79} INFO - Job flow currently RUNNING
[2024-01-13T16:10:50.980+0000] {emr.py:597} INFO - Poking step s-00021273N1SOZBN5X8I6 on cluster j-3B3P32PWZ0U6K
[2024-01-13T16:10:51.145+0000] {emr.py:79} INFO - Job flow currently COMPLETED
[2024-01-13T16:10:51.146+0000] {base.py:293} INFO - Success criteria met. Exiting.
[2024-01-13T16:10:51.150+0000] {taskinstance.py:1138} INFO - Marking task as SUCCESS. dag_id=pyspark-emr-airflow_dag, task_id=tsk_is_extraction_completed, execution_date=20240113T160418, start_date=20240113T160858, end_date=20240113T161051
[2024-01-13T16:10:51.181+0000] {local_task_job_runner.py:234} INFO - Task exited with return code 0
[2024-01-13T16:10:51.207+0000] {taskinstance.py:3281} INFO - 1 downstream tasks scheduled from follow-on schedule check
